SF:tests/test_admin_panel_ui.py
DA:6,1
DA:7,1
DA:8,1
DA:9,1
DA:11,1
DA:19,1
DA:20,1
DA:21,1
DA:22,1
DA:24,1
DA:26,1
DA:28,1
DA:29,1
DA:30,1
DA:31,1
DA:33,1
DA:34,1
DA:35,1
DA:41,1
DA:42,1
DA:45,1
DA:46,1
DA:48,1
DA:50,1
DA:52,1
DA:53,1
DA:54,1
DA:55,1
DA:57,1
DA:58,1
DA:59,1
DA:65,1
DA:66,1
DA:74,1
DA:75,1
DA:76,1
DA:78,1
DA:80,1
DA:82,1
DA:83,1
DA:84,0
DA:85,0
DA:87,1
DA:88,1
DA:90,1
DA:91,1
DA:93,1
DA:94,1
DA:96,1
DA:97,1
DA:98,1
DA:99,1
DA:101,1
DA:103,1
DA:104,1
DA:105,1
DA:106,1
DA:108,1
DA:109,1
DA:115,1
DA:116,1
DA:124,1
DA:126,1
DA:127,1
DA:129,1
DA:130,1
DA:131,1
DA:132,1
DA:135,1
DA:137,1
DA:138,1
DA:141,1
DA:143,1
DA:144,1
DA:147,1
DA:149,1
DA:150,1
DA:153,1
DA:155,1
DA:156,1
DA:159,1
DA:161,1
DA:162,1
DA:165,1
DA:167,1
DA:168,1
DA:171,1
DA:173,1
DA:174,1
DA:175,1
DA:176,1
DA:184,1
DA:185,1
DA:186,1
DA:188,1
DA:189,1
DA:190,1
DA:191,1
DA:192,1
DA:195,1
DA:197,1
DA:198,1
DA:201,1
DA:203,1
DA:204,1
LF:105
LH:103
FN:22,42,test_dashboard_view_passes_is_admin_true
FNDA:1,test_dashboard_view_passes_is_admin_true
FN:28,31,test_dashboard_view_passes_is_admin_true.fake_response
FNDA:1,test_dashboard_view_passes_is_admin_true.fake_response
FN:46,66,test_dashboard_view_passes_is_admin_false
FNDA:1,test_dashboard_view_passes_is_admin_false
FN:52,55,test_dashboard_view_passes_is_admin_false.fake_response
FNDA:1,test_dashboard_view_passes_is_admin_false.fake_response
FN:76,116,test_settings_list_servers_includes_is_admin_in_context
FNDA:1,test_settings_list_servers_includes_is_admin_in_context
FN:83,85,test_settings_list_servers_includes_is_admin_in_context._FetchAllMock.__await__
FNDA:0,test_settings_list_servers_includes_is_admin_in_context._FetchAllMock.__await__
FN:84,84,test_settings_list_servers_includes_is_admin_in_context._FetchAllMock.__await__._noop
FNDA:0,test_settings_list_servers_includes_is_admin_in_context._FetchAllMock.__await__._noop
FN:87,88,test_settings_list_servers_includes_is_admin_in_context._FetchAllMock.__aenter__
FNDA:1,test_settings_list_servers_includes_is_admin_in_context._FetchAllMock.__aenter__
FN:90,91,test_settings_list_servers_includes_is_admin_in_context._FetchAllMock.__aexit__
FNDA:1,test_settings_list_servers_includes_is_admin_in_context._FetchAllMock.__aexit__
FN:93,94,test_settings_list_servers_includes_is_admin_in_context._FetchAllMock.fetchall
FNDA:1,test_settings_list_servers_includes_is_admin_in_context._FetchAllMock.fetchall
FN:103,106,test_settings_list_servers_includes_is_admin_in_context.fake_response
FNDA:1,test_settings_list_servers_includes_is_admin_in_context.fake_response
FN:124,132,_render_dashboard
FNDA:1,_render_dashboard
FN:135,138,test_admin_sees_server_management_form
FNDA:1,test_admin_sees_server_management_form
FN:141,144,test_non_admin_does_not_see_server_management_form
FNDA:1,test_non_admin_does_not_see_server_management_form
FN:147,150,test_admin_sees_user_management_form
FNDA:1,test_admin_sees_user_management_form
FN:153,156,test_non_admin_does_not_see_user_management_form
FNDA:1,test_non_admin_does_not_see_user_management_form
FN:159,162,test_admin_sees_ssh_key_section
FNDA:1,test_admin_sees_ssh_key_section
FN:165,168,test_non_admin_does_not_see_ssh_key_section
FNDA:1,test_non_admin_does_not_see_ssh_key_section
FN:171,176,test_viewer_non_admin_does_not_see_admin_sections
FNDA:1,test_viewer_non_admin_does_not_see_admin_sections
FN:184,192,_render_settings_servers
FNDA:1,_render_settings_servers
FN:195,198,test_admin_sees_remove_button_in_servers_list
FNDA:1,test_admin_sees_remove_button_in_servers_list
FN:201,204,test_non_admin_does_not_see_remove_button_in_servers_list
FNDA:1,test_non_admin_does_not_see_remove_button_in_servers_list
FNF:22
FNH:20
end_of_record
SF:tests/test_bottom_panel_align.py
DA:13,1
DA:14,1
DA:15,1
DA:17,1
DA:18,1
DA:19,1
DA:24,1
DA:27,1
DA:28,1
DA:29,1
DA:30,1
DA:33,1
DA:34,1
DA:35,1
DA:36,1
DA:37,1
DA:39,1
DA:40,1
DA:41,1
DA:42,1
DA:43,1
DA:45,1
DA:46,1
DA:48,1
DA:49,1
DA:50,1
DA:52,1
DA:53,1
DA:54,1
DA:55,1
DA:56,1
DA:59,1
DA:60,1
DA:63,1
DA:64,1
DA:65,1
DA:68,1
DA:69,1
DA:70,1
DA:73,1
DA:74,1
DA:77,1
DA:78,1
DA:79,1
DA:80,1
DA:83,1
DA:85,1
DA:86,1
DA:87,1
DA:88,0
DA:90,1
DA:91,1
DA:92,0
DA:93,1
DA:94,1
DA:96,1
DA:97,0
DA:98,0
DA:100,1
DA:102,1
DA:103,1
DA:105,1
DA:106,1
DA:107,1
DA:108,1
DA:109,1
DA:110,1
DA:112,1
DA:115,1
DA:116,1
DA:117,1
DA:118,1
DA:119,1
DA:120,1
DA:123,1
DA:125,1
DA:126,1
DA:132,1
DA:134,1
DA:135,1
DA:140,1
DA:142,1
DA:143,1
DA:149,1
DA:151,1
DA:152,1
DA:158,1
DA:160,1
DA:161,1
DA:169,1
DA:170,1
DA:171,1
DA:174,1
DA:176,1
DA:177,1
DA:183,1
DA:185,1
DA:186,1
DA:192,1
DA:194,1
DA:195,1
DA:201,1
DA:203,1
DA:204,1
DA:207,1
DA:212,1
DA:214,1
DA:215,1
DA:221,1
DA:223,1
DA:224,1
DA:227,1
DA:235,1
DA:236,1
DA:237,1
DA:240,1
DA:242,1
DA:243,1
DA:248,1
DA:250,1
DA:251,1
DA:257,1
DA:259,1
DA:260,1
DA:265,1
DA:267,1
DA:268,1
DA:271,1
LF:128
LH:124
FN:27,43,LayoutParser.__init__
FNDA:1,LayoutParser.__init__
FN:45,46,LayoutParser._get_id
FNDA:1,LayoutParser._get_id
FN:48,50,LayoutParser._get_classes
FNDA:1,LayoutParser._get_classes
FN:52,88,LayoutParser.handle_starttag
FNDA:1,LayoutParser.handle_starttag
FN:90,112,LayoutParser.handle_endtag
FNDA:1,LayoutParser.handle_endtag
FN:115,120,_parse_html
FNDA:1,_parse_html
FN:123,129,test_expand_button_exists
FNDA:1,test_expand_button_exists
FN:132,137,test_expand_button_in_header
FNDA:1,test_expand_button_in_header
FN:140,146,test_expand_button_before_tabs
FNDA:1,test_expand_button_before_tabs
FN:149,155,test_navigator_is_direct_child_of_app_container
FNDA:1,test_navigator_is_direct_child_of_app_container
FN:158,164,test_navigator_not_inside_workspace_row
FNDA:1,test_navigator_not_inside_workspace_row
FN:169,171,_read_css
FNDA:1,_read_css
FN:174,180,test_app_container_uses_grid_in_containers_view
FNDA:1,test_app_container_uses_grid_in_containers_view
FN:183,189,test_grid_has_sidebar_column
FNDA:1,test_grid_has_sidebar_column
FN:192,198,test_navigator_spans_both_grid_rows
FNDA:1,test_navigator_spans_both_grid_rows
FN:201,209,test_is_expanded_spans_both_columns
FNDA:1,test_is_expanded_spans_both_columns
FN:212,218,test_body_class_retracts_navigator_when_expanded
FNDA:1,test_body_class_retracts_navigator_when_expanded
FN:221,230,test_expand_btn_icon_flips_on_expanded
FNDA:1,test_expand_btn_icon_flips_on_expanded
FN:235,237,_read_js
FNDA:1,_read_js
FN:240,245,test_toggle_expand_function_exists
FNDA:1,test_toggle_expand_function_exists
FN:248,254,test_toggle_expand_toggles_body_class
FNDA:1,test_toggle_expand_toggles_body_class
FN:257,262,test_expand_state_persisted_to_localstorage
FNDA:1,test_expand_state_persisted_to_localstorage
FN:265,273,test_expand_state_restored_on_load
FNDA:1,test_expand_state_restored_on_load
FNF:23
FNH:23
end_of_record
SF:tests/test_browser_notifications.py
DA:9,1
DA:10,1
DA:12,1
DA:13,1
DA:14,1
DA:15,0
DA:16,0
DA:17,0
DA:18,0
DA:20,0
DA:21,0
DA:23,1
DA:28,1
DA:30,1
DA:31,0
DA:32,0
DA:33,0
DA:34,0
DA:36,0
DA:39,0
DA:47,1
DA:48,0
DA:49,0
DA:70,1
DA:71,0
DA:74,0
LF:26
LH:10
FN:30,45,_goto_and_mock_notifications
FNDA:0,_goto_and_mock_notifications
FN:47,68,_inject_stats_update
FNDA:0,_inject_stats_update
FN:70,74,test_notification_mock
FNDA:0,test_notification_mock
FNF:3
FNH:0
end_of_record
SF:tests/test_config.py
DA:1,1
DA:2,1
DA:3,1
DA:4,1
DA:5,1
DA:7,1
DA:8,1
DA:10,1
DA:11,1
DA:13,1
DA:20,1
DA:21,1
DA:23,1
DA:25,1
DA:27,1
DA:29,1
DA:31,1
DA:32,1
DA:33,1
DA:34,1
DA:36,1
DA:37,1
DA:38,1
DA:40,1
DA:41,1
DA:43,1
DA:44,1
DA:46,1
DA:48,1
DA:49,1
DA:50,1
DA:51,1
DA:52,1
DA:53,1
DA:54,1
DA:55,0
DA:57,1
DA:58,0
LF:38
LH:36
FN:8,23,TestConfigLoader.setUp
FNDA:1,TestConfigLoader.setUp
FN:25,34,TestConfigLoader.test_yaml_override
FNDA:1,TestConfigLoader.test_yaml_override
FN:36,46,TestConfigLoader.test_missing_config_fallback
FNDA:1,TestConfigLoader.test_missing_config_fallback
FN:48,55,TestConfigLoader.tearDown
FNDA:1,TestConfigLoader.tearDown
FNF:4
FNH:4
end_of_record
SF:tests/test_container_events.py
DA:2,1
DA:3,1
DA:4,1
DA:5,1
DA:6,1
DA:7,1
DA:9,1
DA:12,1
DA:13,1
DA:16,1
DA:17,1
DA:20,1
DA:23,1
DA:24,1
DA:27,1
DA:28,1
DA:29,1
DA:30,1
DA:31,1
DA:33,1
DA:35,1
DA:38,1
DA:41,1
DA:42,1
DA:44,1
DA:46,1
DA:47,1
DA:48,1
DA:49,1
DA:50,1
DA:52,1
DA:55,1
DA:56,1
DA:57,1
DA:61,1
DA:63,1
DA:64,1
DA:65,1
DA:66,1
DA:67,1
DA:68,1
DA:71,1
DA:72,1
DA:74,1
DA:76,1
DA:77,1
DA:80,1
DA:81,1
DA:82,1
DA:85,1
DA:88,1
DA:89,1
DA:90,1
DA:91,1
DA:92,1
DA:95,1
DA:96,1
DA:98,1
DA:100,1
DA:101,1
DA:104,1
DA:105,1
DA:108,1
DA:110,1
DA:113,1
DA:114,1
DA:116,1
DA:118,1
DA:119,1
DA:121,1
DA:122,1
DA:123,1
DA:125,1
DA:127,1
DA:128,1
DA:129,1
DA:132,1
DA:133,1
DA:135,1
DA:137,1
DA:138,1
DA:139,1
DA:140,1
DA:143,1
DA:144,1
DA:148,1
DA:150,1
DA:152,1
DA:153,1
DA:157,1
DA:159,1
DA:162,1
DA:163,1
DA:165,1
DA:167,1
DA:168,1
DA:170,1
DA:172,1
DA:174,1
DA:175,1
DA:179,1
DA:181,1
DA:184,1
DA:185,1
DA:187,1
DA:189,1
DA:190,1
DA:191,1
DA:194,1
DA:195,1
DA:199,1
DA:201,1
DA:203,1
DA:205,1
DA:206,1
DA:207,1
DA:208,1
DA:210,1
DA:211,1
DA:214,1
DA:215,1
DA:217,1
DA:219,1
DA:221,1
DA:222,1
DA:223,1
DA:225,1
DA:226,1
DA:227,1
DA:229,1
LF:130
LH:130
FN:13,38,test_db
FNDA:1,test_db
FN:27,31,test_db.clear_events
FNDA:1,test_db.clear_events
FN:42,68,test_record_container_event
FNDA:1,test_record_container_event
FN:72,92,test_get_container_activity
FNDA:1,test_get_container_activity
FN:96,110,test_get_container_activity_respects_limit
FNDA:1,test_get_container_activity_respects_limit
FN:114,129,test_activity_event_includes_timestamp
FNDA:1,test_activity_event_includes_timestamp
FN:133,159,test_cleanup_old_events_removes_old_records
FNDA:1,test_cleanup_old_events_removes_old_records
FN:163,181,test_cleanup_old_events_preserves_recent_records
FNDA:1,test_cleanup_old_events_preserves_recent_records
FN:185,211,test_cleanup_old_events_mixed
FNDA:1,test_cleanup_old_events_mixed
FN:215,231,test_get_activity_route_caps_limit
FNDA:1,test_get_activity_route_caps_limit
FN:221,223,test_get_activity_route_caps_limit.fake_get_container_activity
FNDA:1,test_get_activity_route_caps_limit.fake_get_container_activity
FNF:11
FNH:11
end_of_record
SF:tests/test_context_menu_actions.py
DA:7,1
DA:8,1
DA:10,1
DA:13,1
DA:14,1
DA:15,1
DA:23,1
DA:24,1
DA:25,1
DA:28,1
DA:29,1
DA:30,1
DA:33,1
DA:34,1
DA:35,1
DA:38,1
DA:39,1
DA:40,1
DA:48,1
DA:50,1
DA:51,1
DA:55,1
DA:57,1
DA:58,1
DA:67,1
DA:68,1
DA:69,1
DA:73,1
DA:74,1
DA:75,1
DA:79,1
DA:80,1
DA:82,1
DA:86,1
DA:87,1
DA:88,1
DA:97,1
DA:98,1
DA:99,1
DA:103,1
DA:104,1
DA:105,1
DA:109,1
DA:112,1
DA:113,1
DA:122,1
DA:124,1
DA:125,1
DA:126,1
DA:127,1
DA:128,1
DA:129,1
LF:52
LH:52
FN:13,15,_read_js
FNDA:1,_read_js
FN:23,25,test_context_menu_has_edit_item
FNDA:1,test_context_menu_has_edit_item
FN:28,30,test_context_menu_has_start_item
FNDA:1,test_context_menu_has_start_item
FN:33,35,test_context_menu_has_stop_item
FNDA:1,test_context_menu_has_stop_item
FN:38,40,test_context_menu_has_delete_item
FNDA:1,test_context_menu_has_delete_item
FN:48,52,test_unit_name_derived_from_stem
FNDA:1,test_unit_name_derived_from_stem
FN:55,59,test_stem_strips_extension
FNDA:1,test_stem_strips_extension
FN:67,70,test_edit_action_targets_editor_pane
FNDA:1,test_edit_action_targets_editor_pane
FN:73,76,test_edit_action_uses_outerhtml_swap
FNDA:1,test_edit_action_uses_outerhtml_swap
FN:79,83,test_edit_action_switches_to_editor_tab
FNDA:1,test_edit_action_switches_to_editor_tab
FN:86,89,test_edit_action_calls_api_file_endpoint
FNDA:1,test_edit_action_calls_api_file_endpoint
FN:97,100,test_start_action_uses_systemctl_endpoint
FNDA:1,test_start_action_uses_systemctl_endpoint
FN:103,106,test_stop_action_uses_systemctl_endpoint
FNDA:1,test_stop_action_uses_systemctl_endpoint
FN:109,114,test_start_stop_use_swap_none
FNDA:1,test_start_stop_use_swap_none
FN:122,130,test_menu_item_order
FNDA:1,test_menu_item_order
FNF:15
FNH:15
end_of_record
SF:tests/test_crypto.py
DA:1,1
DA:2,1
DA:3,1
DA:4,1
DA:5,1
DA:6,1
DA:8,1
DA:10,1
DA:15,1
DA:16,1
DA:17,1
DA:19,1
DA:20,1
DA:22,1
DA:23,1
DA:24,1
DA:25,1
DA:26,1
DA:27,1
DA:32,1
DA:33,1
DA:35,1
DA:36,1
DA:37,1
DA:38,1
DA:39,1
DA:40,1
DA:41,1
DA:43,1
DA:48,1
DA:49,1
DA:51,1
DA:52,1
DA:53,1
DA:54,1
DA:55,1
DA:56,1
DA:57,1
DA:58,1
DA:59,1
DA:60,1
DA:62,1
DA:63,1
DA:64,1
DA:66,1
DA:67,1
DA:68,1
DA:69,1
DA:70,1
DA:72,1
DA:73,1
DA:74,1
DA:77,1
DA:78,1
DA:80,1
DA:81,1
DA:82,1
DA:83,1
DA:84,1
DA:85,1
DA:86,1
DA:87,1
DA:88,1
DA:90,1
DA:91,1
DA:93,1
DA:94,1
DA:96,1
DA:98,1
DA:99,1
DA:100,1
DA:103,1
DA:104,1
DA:106,1
DA:107,1
DA:108,1
DA:109,1
DA:110,1
DA:111,1
DA:112,1
DA:113,1
DA:115,1
DA:116,1
DA:119,1
DA:120,1
DA:122,1
DA:123,1
DA:124,1
DA:125,1
DA:126,1
DA:127,1
DA:128,1
DA:129,1
DA:130,1
DA:132,1
DA:133,1
DA:134,1
DA:136,1
DA:137,1
DA:138,1
DA:139,1
DA:141,1
DA:142,1
DA:143,1
DA:148,1
DA:149,1
DA:151,1
DA:152,1
DA:154,1
DA:156,1
DA:157,1
DA:159,1
DA:160,1
DA:161,1
DA:162,1
DA:163,0
DA:164,0
DA:166,1
DA:167,1
DA:169,1
DA:170,1
DA:171,1
DA:173,1
DA:175,1
DA:176,1
DA:178,1
DA:179,1
DA:180,1
LF:128
LH:126
FN:16,17,TestCrypto.setup_method
FNDA:1,TestCrypto.setup_method
FN:19,20,TestCrypto.teardown_method
FNDA:1,TestCrypto.teardown_method
FN:22,27,TestCrypto.test_encryption_decryption_cycle
FNDA:1,TestCrypto.test_encryption_decryption_cycle
FN:33,43,fresh_db
FNDA:1,fresh_db
FN:49,74,test_ensure_master_key_generates_and_persists
FNDA:1,test_ensure_master_key_generates_and_persists
FN:78,100,test_ensure_master_key_reuses_persisted_key
FNDA:1,test_ensure_master_key_reuses_persisted_key
FN:104,116,test_ensure_master_key_respects_existing_env_var
FNDA:1,test_ensure_master_key_respects_existing_env_var
FN:120,143,test_ensure_master_key_idempotent_no_duplicate_rows
FNDA:1,test_ensure_master_key_idempotent_no_duplicate_rows
FN:149,180,test_connect_to_server_decryption_failure_gives_clear_error
FNDA:1,test_connect_to_server_decryption_failure_gives_clear_error
FN:160,160,test_connect_to_server_decryption_failure_gives_clear_error.DualCM.__aenter__
FNDA:1,test_connect_to_server_decryption_failure_gives_clear_error.DualCM.__aenter__
FN:161,161,test_connect_to_server_decryption_failure_gives_clear_error.DualCM.__aexit__
FNDA:1,test_connect_to_server_decryption_failure_gives_clear_error.DualCM.__aexit__
FN:162,164,test_connect_to_server_decryption_failure_gives_clear_error.DualCM.__await__
FNDA:0,test_connect_to_server_decryption_failure_gives_clear_error.DualCM.__await__
FN:163,163,test_connect_to_server_decryption_failure_gives_clear_error.DualCM.__await__._r
FNDA:0,test_connect_to_server_decryption_failure_gives_clear_error.DualCM.__await__._r
FNF:13
FNH:11
end_of_record
SF:tests/test_e2e.py
DA:1,1
DA:3,1
DA:4,1
DA:5,1
DA:6,0
DA:7,0
DA:8,0
DA:9,0
DA:11,1
DA:17,1
DA:19,0
DA:20,0
DA:21,0
DA:22,0
DA:24,0
DA:27,0
DA:29,0
DA:32,0
DA:33,0
DA:36,1
DA:38,0
DA:43,0
DA:52,0
DA:53,0
DA:54,0
DA:55,0
DA:57,0
DA:60,0
DA:63,1
DA:65,0
DA:83,0
DA:92,0
DA:93,0
DA:94,0
DA:95,0
DA:97,0
DA:104,0
DA:106,0
DA:107,0
LF:39
LH:8
FN:17,33,test_editor_load
FNDA:0,test_editor_load
FN:36,60,test_polling_alert_banner
FNDA:0,test_polling_alert_banner
FN:63,109,test_template_injection_into_editor
FNDA:0,test_template_injection_into_editor
FNF:3
FNH:0
end_of_record
SF:tests/test_expandable_inspector.py
DA:7,1
DA:9,1
DA:10,1
DA:11,1
DA:12,0
DA:13,0
DA:14,0
DA:15,0
DA:16,0
DA:18,1
DA:23,1
DA:26,1
DA:28,0
DA:29,0
DA:30,0
DA:31,0
DA:33,0
DA:38,1
DA:40,0
DA:41,0
DA:42,0
DA:43,0
DA:48,1
DA:50,0
DA:51,0
DA:52,0
DA:54,0
DA:56,0
DA:59,1
DA:61,0
DA:62,0
DA:63,0
DA:65,0
DA:67,0
DA:70,1
DA:72,0
DA:73,0
DA:74,0
DA:76,0
DA:77,0
DA:79,0
DA:80,0
DA:82,0
DA:86,0
DA:93,1
DA:95,0
DA:96,0
DA:98,0
DA:99,0
DA:101,0
DA:102,0
DA:105,1
DA:107,0
DA:108,0
DA:109,0
DA:111,0
DA:112,0
DA:114,0
DA:115,0
DA:122,1
DA:124,0
DA:126,0
DA:127,0
DA:128,0
DA:130,0
DA:131,0
DA:133,0
DA:136,1
DA:138,0
DA:141,0
DA:142,0
DA:144,0
DA:145,0
DA:147,0
DA:148,0
DA:153,1
DA:155,0
DA:157,0
DA:160,0
DA:162,0
DA:163,0
LF:81
LH:16
FN:26,33,_goto
FNDA:0,_goto
FN:38,43,test_expand_button_exists_in_inspector
FNDA:0,test_expand_button_exists_in_inspector
FN:48,56,test_clicking_expand_hides_sidebar
FNDA:0,test_clicking_expand_hides_sidebar
FN:59,67,test_clicking_expand_hides_resize_handle
FNDA:0,test_clicking_expand_hides_resize_handle
FN:70,88,test_inspector_fills_full_width_when_expanded
FNDA:0,test_inspector_fills_full_width_when_expanded
FN:93,102,test_clicking_again_restores_sidebar
FNDA:0,test_clicking_again_restores_sidebar
FN:105,117,test_inspector_restores_original_width
FNDA:0,test_inspector_restores_original_width
FN:122,133,test_expanded_state_persists_across_reload
FNDA:0,test_expanded_state_persists_across_reload
FN:136,148,test_collapsed_state_persists_across_reload
FNDA:0,test_collapsed_state_persists_across_reload
FN:153,163,test_expand_only_affects_dashboard_tab
FNDA:0,test_expand_only_affects_dashboard_tab
FNF:10
FNH:0
end_of_record
SF:tests/test_file_deletion.py
DA:2,1
DA:3,1
DA:4,1
DA:5,1
DA:6,1
DA:8,1
DA:16,1
DA:17,1
DA:18,1
DA:20,1
DA:21,1
DA:29,1
DA:30,1
DA:38,1
DA:39,1
DA:40,1
DA:41,1
DA:42,1
DA:44,1
DA:45,1
DA:46,1
DA:47,1
DA:48,1
DA:50,1
DA:58,1
DA:59,1
DA:62,1
DA:63,1
DA:64,1
DA:72,1
DA:73,1
DA:74,1
DA:75,1
DA:76,1
DA:78,1
DA:79,1
DA:80,1
DA:81,1
DA:82,1
DA:84,1
DA:92,1
DA:93,1
DA:96,1
DA:97,1
DA:98,1
DA:106,1
DA:107,1
DA:108,1
DA:109,1
DA:110,1
DA:112,1
DA:113,1
DA:114,1
DA:115,1
DA:116,1
DA:118,1
DA:126,1
DA:134,1
DA:135,1
DA:136,1
DA:137,1
DA:139,1
DA:141,1
DA:149,1
DA:150,1
DA:151,1
DA:152,1
LF:67
LH:67
FN:17,30,test_viewer_cannot_delete_file
FNDA:1,test_viewer_cannot_delete_file
FN:41,64,test_editor_can_delete_user_scope_file
FNDA:1,test_editor_can_delete_user_scope_file
FN:75,98,test_editor_can_delete_global_scope_file
FNDA:1,test_editor_can_delete_global_scope_file
FN:109,126,test_delete_triggers_navigator_refresh
FNDA:1,test_delete_triggers_navigator_refresh
FN:136,152,test_delete_ssh_error_returns_error_toast
FNDA:1,test_delete_ssh_error_returns_error_toast
FNF:5
FNH:5
end_of_record
SF:tests/test_health_history.py
DA:2,1
DA:3,1
DA:4,1
DA:5,1
DA:6,1
DA:7,1
DA:8,1
DA:10,1
DA:17,1
DA:19,1
DA:20,1
DA:33,1
DA:34,1
DA:37,1
DA:38,1
DA:39,1
DA:42,1
DA:44,1
DA:52,1
DA:54,1
DA:55,1
DA:57,1
DA:58,1
DA:59,1
DA:61,1
DA:62,1
DA:64,1
DA:65,1
DA:66,1
DA:68,1
DA:71,1
DA:72,1
DA:73,1
DA:75,1
DA:77,1
DA:78,1
DA:84,1
DA:86,1
DA:87,1
DA:88,1
DA:89,1
DA:91,1
DA:92,1
DA:94,1
DA:95,1
DA:96,1
DA:98,1
DA:99,1
DA:100,1
DA:101,1
DA:104,1
DA:105,1
DA:106,1
DA:108,1
DA:110,1
DA:112,1
DA:113,1
DA:114,1
DA:115,1
DA:118,1
DA:119,1
DA:120,1
DA:122,1
DA:124,1
DA:125,1
DA:127,1
DA:128,1
DA:129,1
DA:132,1
DA:133,1
DA:134,1
DA:135,1
DA:137,1
DA:138,1
DA:139,1
DA:142,1
DA:143,1
DA:144,1
DA:146,1
DA:148,1
DA:149,1
DA:153,1
DA:155,1
DA:156,1
DA:157,1
DA:159,1
DA:160,1
DA:161,1
DA:162,1
DA:163,1
DA:164,1
DA:165,1
DA:173,1
DA:174,1
DA:176,1
DA:178,1
DA:179,1
DA:180,1
DA:182,1
DA:183,1
DA:187,1
DA:193,1
DA:195,1
DA:196,1
DA:198,1
DA:201,1
DA:203,1
DA:204,1
DA:206,1
DA:209,1
DA:210,1
DA:212,1
DA:214,1
DA:215,1
DA:216,1
DA:217,1
DA:218,1
DA:222,1
DA:228,1
DA:230,1
DA:231,1
DA:233,1
DA:236,1
DA:238,1
DA:240,1
DA:243,1
DA:244,1
DA:246,1
DA:248,1
DA:249,1
DA:250,1
DA:252,1
DA:253,1
DA:257,1
DA:263,1
DA:265,1
DA:266,1
DA:268,1
DA:271,1
DA:273,1
DA:274,1
DA:276,1
DA:279,1
DA:280,1
DA:282,1
DA:284,1
DA:285,1
DA:286,1
DA:287,1
DA:288,1
DA:297,1
DA:299,1
DA:300,1
DA:302,1
DA:303,1
DA:305,1
DA:307,1
DA:310,1
DA:311,1
DA:312,1
DA:314,1
DA:316,1
DA:318,1
DA:319,1
DA:320,1
DA:322,1
DA:323,1
DA:325,1
DA:326,1
DA:327,1
DA:329,1
DA:330,1
DA:331,1
LF:173
LH:173
FN:17,34,_make_rollup_db
FNDA:1,_make_rollup_db
FN:38,39,_wrap_db
FNDA:1,_wrap_db
FN:42,44,_db_getter
FNDA:1,_db_getter
FN:52,68,_make_db_mock_with_rows
FNDA:1,_make_db_mock_with_rows
FN:73,101,test_health_history_returns_grouped_by_container
FNDA:1,test_health_history_returns_grouped_by_container
FN:106,115,test_health_history_empty_returns_empty_list
FNDA:1,test_health_history_empty_returns_empty_list
FN:120,139,test_health_history_respects_minutes_param
FNDA:1,test_health_history_respects_minutes_param
FN:144,165,test_health_history_includes_cpu_and_mem
FNDA:1,test_health_history_includes_cpu_and_mem
FN:174,206,test_rollup_aggregates_old_raw_rows
FNDA:1,test_rollup_aggregates_old_raw_rows
FN:210,240,test_rollup_does_not_touch_recent_rows
FNDA:1,test_rollup_does_not_touch_recent_rows
FN:244,276,test_rollup_second_pass_aggregates_minute_rows
FNDA:1,test_rollup_second_pass_aggregates_minute_rows
FN:280,307,test_rollup_prunes_beyond_7_days
FNDA:1,test_rollup_prunes_beyond_7_days
FN:312,331,test_history_endpoint_accepts_large_minute_values
FNDA:1,test_history_endpoint_accepts_large_minute_values
FNF:13
FNH:13
end_of_record
SF:tests/test_inspector_stats_card.py
DA:7,1
DA:8,1
DA:10,1
DA:11,1
DA:12,1
DA:13,0
DA:14,0
DA:15,0
DA:16,0
DA:17,0
DA:19,1
DA:24,1
DA:27,1
DA:29,0
DA:30,0
DA:31,0
DA:32,0
DA:33,0
DA:38,1
DA:40,0
DA:41,0
DA:42,0
DA:45,1
DA:47,0
DA:48,0
DA:49,0
DA:54,1
DA:56,0
DA:59,0
DA:75,0
DA:76,0
DA:79,1
DA:81,0
DA:83,0
DA:99,0
DA:100,0
DA:101,0
DA:102,0
DA:103,0
DA:106,1
DA:108,0
DA:110,0
DA:120,0
DA:121,0
DA:122,0
DA:125,1
DA:127,0
DA:129,0
DA:142,0
DA:143,0
DA:145,0
DA:146,0
DA:149,1
DA:151,0
DA:154,0
DA:165,0
DA:166,0
DA:169,0
DA:179,0
DA:180,0
DA:183,1
DA:185,0
DA:187,0
DA:197,0
DA:198,0
LF:65
LH:16
FN:27,33,_goto
FNDA:0,_goto
FN:38,42,test_stats_card_slot_exists
FNDA:0,test_stats_card_slot_exists
FN:45,49,test_stats_card_hidden_by_default
FNDA:0,test_stats_card_hidden_by_default
FN:54,76,test_selecting_container_shows_card
FNDA:0,test_selecting_container_shows_card
FN:79,103,test_card_displays_cpu_mem_net_pids
FNDA:0,test_card_displays_cpu_mem_net_pids
FN:106,122,test_card_shows_not_running_for_stopped_container
FNDA:0,test_card_shows_not_running_for_stopped_container
FN:125,146,test_switching_containers_updates_card
FNDA:0,test_switching_containers_updates_card
FN:149,180,test_card_updates_on_sse_data
FNDA:0,test_card_updates_on_sse_data
FN:183,198,test_card_shows_container_name_in_title
FNDA:0,test_card_shows_container_name_in_title
FNF:9
FNH:0
end_of_record
SF:tests/test_monitoring_ui.py
DA:1,1
DA:2,1
DA:7,1
DA:9,0
DA:10,0
DA:11,0
DA:12,0
DA:15,0
DA:18,0
DA:21,0
DA:26,0
DA:27,0
DA:28,0
DA:32,0
DA:35,0
DA:36,0
DA:37,0
DA:38,0
DA:40,0
DA:41,0
DA:42,0
DA:44,0
DA:46,0
DA:47,0
LF:24
LH:3
FN:7,47,test_monitoring_table_css
FNDA:0,test_monitoring_table_css
FNF:1
FNH:0
end_of_record
SF:tests/test_nav_layout.py
DA:9,1
DA:10,1
DA:11,1
DA:13,1
DA:18,1
DA:21,1
DA:22,1
DA:23,1
DA:24,1
DA:25,1
DA:26,1
DA:27,1
DA:28,1
DA:29,1
DA:30,1
DA:32,1
DA:33,1
DA:34,1
DA:35,1
DA:36,1
DA:38,1
DA:39,1
DA:40,1
DA:41,1
DA:43,1
DA:44,0
DA:46,1
DA:47,1
DA:48,1
DA:50,1
DA:51,1
DA:52,1
DA:55,1
DA:56,1
DA:59,1
DA:60,1
DA:62,1
DA:63,1
DA:64,1
DA:65,1
DA:67,1
DA:69,1
DA:70,1
DA:72,1
DA:73,1
DA:74,1
DA:76,1
DA:79,1
DA:80,1
DA:81,1
DA:82,1
DA:83,1
DA:84,1
DA:87,1
DA:89,1
DA:90,1
DA:96,1
DA:98,1
DA:99,1
DA:105,1
DA:107,1
DA:108,1
DA:114,1
DA:116,1
DA:117,1
DA:118,1
DA:119,1
DA:125,1
DA:127,1
DA:128,1
DA:129,1
DA:130,1
LF:72
LH:71
FN:21,30,NavStructureParser.__init__
FNDA:1,NavStructureParser.__init__
FN:32,36,NavStructureParser._classes
FNDA:1,NavStructureParser._classes
FN:38,60,NavStructureParser.handle_starttag
FNDA:1,NavStructureParser.handle_starttag
FN:62,76,NavStructureParser.handle_endtag
FNDA:1,NavStructureParser.handle_endtag
FN:79,84,_parse_template
FNDA:1,_parse_template
FN:87,93,test_nav_tabs_container_exists
FNDA:1,test_nav_tabs_container_exists
FN:96,102,test_nav_actions_container_exists
FNDA:1,test_nav_actions_container_exists
FN:105,111,test_nav_links_not_used
FNDA:1,test_nav_links_not_used
FN:114,122,test_nav_tabs_contains_nav_items
FNDA:1,test_nav_tabs_contains_nav_items
FN:125,133,test_theme_toggle_in_nav_actions
FNDA:1,test_theme_toggle_in_nav_actions
FNF:10
FNH:10
end_of_record
SF:tests/test_new_quadlet_modal.py
DA:10,1
DA:11,1
DA:12,1
DA:13,1
DA:15,1
DA:23,1
DA:24,1
DA:25,1
DA:30,1
DA:33,1
DA:34,1
DA:35,1
DA:36,1
DA:37,1
DA:38,1
DA:39,1
DA:41,1
DA:42,1
DA:44,1
DA:45,1
DA:47,1
DA:50,1
DA:56,1
DA:57,1
DA:60,1
DA:66,1
DA:67,1
DA:68,1
DA:69,1
DA:72,1
DA:74,1
DA:75,1
DA:76,1
DA:77,1
DA:78,1
DA:79,1
DA:80,1
DA:82,1
DA:91,1
DA:92,1
DA:93,1
LF:41
LH:41
FN:25,63,test_modal_does_not_use_onsubmit
FNDA:1,test_modal_does_not_use_onsubmit
FN:69,95,test_create_endpoint_returns_reload_trigger
FNDA:1,test_create_endpoint_returns_reload_trigger
FNF:2
FNH:2
end_of_record
SF:tests/test_overview.py
DA:7,1
DA:8,1
DA:9,1
DA:10,1
DA:11,1
DA:13,1
DA:15,1
DA:16,1
DA:17,1
DA:18,0
DA:19,0
DA:20,0
DA:21,0
DA:28,1
DA:34,1
DA:36,1
DA:37,1
DA:38,1
DA:39,1
DA:40,1
DA:41,1
DA:42,1
DA:44,1
DA:46,1
DA:48,1
DA:49,1
DA:50,1
DA:51,0
DA:53,1
DA:55,1
DA:56,1
DA:57,1
DA:59,1
DA:66,1
DA:67,1
DA:68,1
DA:70,1
DA:71,1
DA:73,1
DA:78,1
DA:79,1
DA:80,1
DA:81,1
DA:84,1
DA:85,1
DA:86,1
DA:88,1
DA:90,1
DA:95,1
DA:96,1
DA:97,1
DA:98,1
DA:101,1
DA:102,1
DA:103,1
DA:105,1
DA:107,1
DA:109,1
DA:111,1
DA:113,1
DA:114,1
DA:115,1
DA:116,1
DA:117,1
DA:118,1
DA:119,1
DA:121,1
DA:123,1
DA:125,1
DA:126,1
DA:128,1
DA:129,1
DA:130,1
DA:131,1
DA:132,1
DA:134,1
DA:135,1
DA:136,1
DA:138,1
DA:139,1
DA:142,1
DA:143,1
DA:144,1
DA:146,1
DA:148,1
DA:149,1
DA:151,1
DA:153,1
DA:154,1
DA:155,1
DA:156,1
DA:157,1
DA:158,1
DA:159,1
DA:161,1
DA:163,1
DA:165,1
DA:166,1
DA:168,1
DA:169,1
DA:170,1
DA:171,1
DA:172,1
DA:174,1
DA:175,1
DA:176,1
DA:178,1
DA:181,1
DA:182,1
DA:183,1
DA:185,1
DA:187,1
DA:189,1
DA:194,1
DA:196,1
DA:197,1
DA:198,1
DA:199,1
DA:200,1
DA:201,1
DA:202,1
DA:204,1
DA:206,1
DA:208,1
DA:209,1
DA:211,1
DA:212,1
DA:213,1
DA:214,1
DA:215,1
DA:217,1
DA:218,1
DA:219,1
DA:222,1
DA:224,1
DA:225,1
DA:228,1
DA:229,1
DA:230,1
DA:232,1
DA:234,1
DA:235,1
DA:237,1
DA:239,1
DA:240,1
DA:241,1
DA:242,1
DA:243,1
DA:244,1
DA:245,1
DA:247,1
DA:249,1
DA:251,1
DA:252,1
DA:253,1
DA:254,1
DA:256,1
DA:257,1
DA:258,1
DA:259,1
DA:260,1
DA:262,1
DA:263,1
DA:264,1
DA:267,1
DA:268,1
DA:275,1
DA:281,1
DA:282,1
DA:284,0
DA:285,0
DA:286,0
DA:287,0
DA:289,0
DA:292,1
DA:293,1
DA:295,0
DA:296,0
DA:297,0
DA:298,0
DA:300,0
DA:303,1
DA:304,1
DA:306,0
DA:307,0
DA:308,0
DA:309,0
DA:311,0
DA:312,0
DA:313,0
DA:314,0
DA:317,1
DA:318,1
DA:320,0
DA:321,0
DA:322,0
DA:323,0
DA:325,0
LF:198
LH:170
FN:28,59,_make_db_mock
FNDA:1,_make_db_mock
FN:36,42,_make_db_mock._make_cursor
FNDA:1,_make_db_mock._make_cursor
FN:46,51,_make_db_mock._execute_side_effect
FNDA:1,_make_db_mock._execute_side_effect
FN:68,81,test_overview_returns_html_response
FNDA:1,test_overview_returns_html_response
FN:86,98,test_overview_empty_state_when_no_servers
FNDA:1,test_overview_empty_state_when_no_servers
FN:103,139,test_overview_shows_health_badge_for_healthy_container
FNDA:1,test_overview_shows_health_badge_for_healthy_container
FN:113,119,test_overview_shows_health_badge_for_healthy_container._make_cursor
FNDA:1,test_overview_shows_health_badge_for_healthy_container._make_cursor
FN:123,126,test_overview_shows_health_badge_for_healthy_container._execute_side_effect
FNDA:1,test_overview_shows_health_badge_for_healthy_container._execute_side_effect
FN:144,178,test_overview_no_health_badge_when_status_empty
FNDA:1,test_overview_no_health_badge_when_status_empty
FN:153,159,test_overview_no_health_badge_when_status_empty._make_cursor
FNDA:1,test_overview_no_health_badge_when_status_empty._make_cursor
FN:163,166,test_overview_no_health_badge_when_status_empty._execute_side_effect
FNDA:1,test_overview_no_health_badge_when_status_empty._execute_side_effect
FN:183,225,test_overview_aggregates_running_and_stopped_counts
FNDA:1,test_overview_aggregates_running_and_stopped_counts
FN:196,202,test_overview_aggregates_running_and_stopped_counts._make_cursor
FNDA:1,test_overview_aggregates_running_and_stopped_counts._make_cursor
FN:206,209,test_overview_aggregates_running_and_stopped_counts._execute_side_effect
FNDA:1,test_overview_aggregates_running_and_stopped_counts._execute_side_effect
FN:230,268,test_overview_total_counts_in_stat_tiles
FNDA:1,test_overview_total_counts_in_stat_tiles
FN:239,245,test_overview_total_counts_in_stat_tiles._make_cursor_for
FNDA:1,test_overview_total_counts_in_stat_tiles._make_cursor_for
FN:249,254,test_overview_total_counts_in_stat_tiles._execute_side_effect
FNDA:1,test_overview_total_counts_in_stat_tiles._execute_side_effect
FN:282,289,test_overview_tab_exists_in_nav
FNDA:0,test_overview_tab_exists_in_nav
FN:293,300,test_overview_pane_is_default_tab
FNDA:0,test_overview_pane_is_default_tab
FN:304,314,test_overview_stat_tiles_present
FNDA:0,test_overview_stat_tiles_present
FN:318,325,test_dashboard_tab_removed_from_nav
FNDA:0,test_dashboard_tab_removed_from_nav
FNF:21
FNH:17
end_of_record
SF:tests/test_quadlet_syntax.py
DA:1,1
DA:2,1
DA:4,1
DA:5,1
DA:6,1
DA:7,1
DA:9,1
DA:10,1
DA:11,1
DA:12,1
DA:13,1
DA:15,1
DA:16,1
DA:18,1
DA:19,1
DA:21,1
DA:22,0
LF:17
LH:16
FN:5,7,TestQuadletParser.test_valid_container
FNDA:1,TestQuadletParser.test_valid_container
FN:9,13,TestQuadletParser.test_missing_image
FNDA:1,TestQuadletParser.test_missing_image
FN:15,19,TestQuadletParser.test_invalid_type
FNDA:1,TestQuadletParser.test_invalid_type
FNF:3
FNH:3
end_of_record
SF:tests/test_rbac.py
DA:6,1
DA:7,1
DA:8,1
DA:9,1
DA:10,1
DA:13,1
DA:21,1
DA:22,1
DA:23,1
DA:25,1
DA:27,1
DA:28,1
DA:38,1
DA:39,1
DA:40,1
DA:43,1
DA:44,1
DA:45,1
DA:47,1
DA:49,1
DA:50,1
DA:59,1
DA:60,1
DA:63,1
DA:64,1
DA:65,1
DA:66,1
DA:68,1
DA:71,1
DA:72,1
DA:73,1
DA:74,1
DA:82,1
DA:85,1
DA:86,1
DA:94,1
DA:95,1
DA:103,1
DA:104,1
DA:105,1
DA:106,1
DA:107,1
DA:108,1
DA:109,1
DA:111,1
DA:112,1
DA:114,1
DA:117,1
DA:118,1
DA:119,1
DA:120,1
DA:122,1
DA:131,1
DA:132,1
DA:135,1
DA:136,1
DA:137,1
DA:138,1
DA:139,1
DA:141,1
DA:142,1
DA:143,1
DA:145,1
DA:146,1
DA:148,1
DA:149,1
DA:150,1
DA:152,1
DA:160,1
DA:161,1
DA:162,1
DA:169,1
DA:171,1
DA:172,1
DA:174,1
DA:175,1
DA:176,1
DA:178,1
DA:179,1
DA:181,1
DA:182,1
DA:184,1
DA:185,1
DA:188,1
DA:189,1
DA:190,1
DA:191,1
DA:192,1
DA:193,1
DA:195,1
DA:197,1
DA:198,1
DA:200,1
DA:201,1
DA:202,1
DA:203,1
DA:204,1
DA:206,1
DA:216,1
DA:219,1
DA:220,1
DA:221,1
DA:222,1
DA:223,1
DA:224,1
DA:225,1
DA:227,1
DA:229,1
DA:230,1
DA:231,1
DA:232,1
DA:234,1
DA:235,1
DA:238,1
DA:239,1
DA:240,1
DA:242,1
DA:248,1
DA:251,1
DA:252,1
DA:253,1
DA:254,1
DA:255,1
DA:257,1
DA:258,1
DA:267,1
DA:270,1
DA:271,1
DA:272,1
DA:273,1
DA:274,1
DA:275,1
DA:277,1
DA:278,1
DA:284,1
DA:292,1
DA:293,1
DA:294,1
DA:295,1
DA:296,1
DA:298,1
DA:299,1
DA:308,1
DA:311,1
DA:312,1
DA:313,1
DA:314,1
DA:315,1
DA:316,1
DA:318,1
DA:319,1
DA:325,1
DA:333,1
DA:334,1
DA:335,1
DA:336,1
DA:338,1
DA:343,1
DA:346,1
DA:347,1
DA:348,1
DA:349,1
DA:351,1
DA:352,1
DA:360,1
DA:363,1
DA:364,1
DA:365,1
DA:366,1
DA:368,1
DA:369,1
DA:376,1
DA:379,1
DA:380,1
DA:381,1
DA:382,1
DA:384,1
DA:385,1
DA:391,1
DA:399,1
DA:400,1
DA:401,1
DA:402,1
DA:403,1
DA:404,1
DA:406,1
DA:408,1
DA:409,1
DA:410,1
DA:411,1
DA:412,1
DA:414,1
DA:424,1
DA:427,1
DA:428,1
DA:429,1
DA:430,1
DA:432,1
DA:433,1
DA:442,1
DA:445,1
DA:446,1
DA:447,1
DA:448,1
DA:450,1
DA:451,1
DA:460,1
DA:463,1
DA:464,1
DA:465,1
DA:466,1
DA:467,1
DA:469,1
DA:470,1
DA:471,1
DA:473,1
DA:474,1
DA:475,1
DA:476,1
DA:484,1
DA:485,1
DA:493,1
DA:494,1
DA:495,1
DA:498,1
DA:500,1
DA:502,1
DA:512,1
DA:513,1
DA:514,1
DA:515,1
DA:518,1
DA:519,1
DA:520,1
DA:521,1
DA:522,1
DA:523,1
DA:525,1
DA:527,1
DA:528,1
DA:529,1
DA:531,1
DA:532,1
DA:533,1
DA:534,1
DA:536,1
DA:546,1
DA:547,1
DA:548,1
DA:556,1
DA:557,1
DA:558,1
DA:559,1
DA:560,1
DA:561,1
DA:563,1
DA:565,1
DA:566,1
DA:568,1
DA:569,1
DA:570,1
DA:571,1
DA:572,1
DA:574,1
DA:575,1
DA:576,1
DA:577,1
DA:584,1
DA:587,1
DA:588,1
DA:589,1
DA:590,1
DA:592,1
DA:594,1
DA:595,1
DA:596,1
DA:597,1
DA:599,1
DA:600,1
DA:601,1
DA:608,1
DA:611,1
DA:612,1
DA:613,1
DA:614,1
DA:616,1
DA:617,1
DA:624,1
DA:627,1
DA:628,1
DA:629,1
DA:630,1
DA:631,1
DA:632,1
DA:634,1
DA:636,1
DA:637,1
DA:638,1
DA:639,1
DA:641,1
DA:642,1
DA:643,1
DA:652,1
LF:303
LH:303
FN:22,40,test_viewer_cannot_save
FNDA:1,test_viewer_cannot_save
FN:44,60,test_viewer_cannot_create
FNDA:1,test_viewer_cannot_create
FN:64,95,test_viewer_cannot_systemctl_post
FNDA:1,test_viewer_cannot_systemctl_post
FN:108,132,test_editor_can_save
FNDA:1,test_editor_can_save
FN:138,162,test_editor_can_create
FNDA:1,test_editor_can_create
FN:171,172,_AioDualMock.__init__
FNDA:1,_AioDualMock.__init__
FN:174,176,_AioDualMock.__await__
FNDA:1,_AioDualMock.__await__
FN:175,175,_AioDualMock.__await__._noop
FNDA:1,_AioDualMock.__await__._noop
FN:178,179,_AioDualMock.__aenter__
FNDA:1,_AioDualMock.__aenter__
FN:181,182,_AioDualMock.__aexit__
FNDA:1,_AioDualMock.__aexit__
FN:184,185,_AioDualMock.fetchone
FNDA:1,_AioDualMock.fetchone
FN:191,216,test_add_server_triggers_navigator_refresh
FNDA:1,test_add_server_triggers_navigator_refresh
FN:223,248,test_delete_server_triggers_navigator_refresh
FNDA:1,test_delete_server_triggers_navigator_refresh
FN:254,267,test_viewer_cannot_add_server
FNDA:1,test_viewer_cannot_add_server
FN:274,284,test_viewer_cannot_delete_server
FNDA:1,test_viewer_cannot_delete_server
FN:295,308,test_non_admin_editor_cannot_add_server
FNDA:1,test_non_admin_editor_cannot_add_server
FN:315,325,test_non_admin_editor_cannot_delete_server
FNDA:1,test_non_admin_editor_cannot_delete_server
FN:335,343,test_non_admin_editor_cannot_list_users
FNDA:1,test_non_admin_editor_cannot_list_users
FN:348,360,test_non_admin_editor_cannot_add_user
FNDA:1,test_non_admin_editor_cannot_add_user
FN:365,376,test_non_admin_editor_cannot_update_user_role
FNDA:1,test_non_admin_editor_cannot_update_user_role
FN:381,391,test_non_admin_editor_cannot_delete_user
FNDA:1,test_non_admin_editor_cannot_delete_user
FN:402,424,test_admin_can_update_server
FNDA:1,test_admin_can_update_server
FN:429,442,test_non_admin_editor_cannot_update_server
FNDA:1,test_non_admin_editor_cannot_update_server
FN:447,460,test_viewer_cannot_update_server
FNDA:1,test_viewer_cannot_update_server
FN:465,485,test_editor_can_systemctl_post
FNDA:1,test_editor_can_systemctl_post
FN:495,515,test_save_invalid_container_returns_validation_error
FNDA:1,test_save_invalid_container_returns_validation_error
FN:523,548,test_save_valid_container_proceeds
FNDA:1,test_save_valid_container_proceeds
FN:559,584,test_admin_can_promote_user
FNDA:1,test_admin_can_promote_user
FN:589,608,test_admin_cannot_demote_self
FNDA:1,test_admin_cannot_demote_self
FN:613,624,test_non_admin_cannot_toggle_admin
FNDA:1,test_non_admin_cannot_toggle_admin
FN:630,652,test_admin_can_create_admin_user
FNDA:1,test_admin_can_create_admin_user
FNF:31
FNH:31
end_of_record
SF:tests/test_resizable_panels.py
DA:7,1
DA:9,1
DA:10,1
DA:11,1
DA:12,0
DA:13,0
DA:14,0
DA:15,0
DA:16,0
DA:18,1
DA:23,1
DA:26,1
DA:28,0
DA:29,0
DA:30,0
DA:31,0
DA:36,1
DA:38,0
DA:39,0
DA:40,0
DA:41,0
DA:42,0
DA:45,1
DA:47,0
DA:48,0
DA:49,0
DA:53,0
DA:60,1
DA:62,0
DA:64,0
DA:65,0
DA:67,0
DA:70,0
DA:71,0
DA:72,0
DA:74,0
DA:75,0
DA:76,0
DA:77,0
DA:79,0
DA:80,0
DA:85,1
DA:87,0
DA:89,0
DA:90,0
DA:92,0
DA:94,0
DA:95,0
DA:96,0
DA:98,0
DA:99,0
DA:100,0
DA:101,0
DA:103,0
DA:104,0
DA:109,1
DA:110,1
DA:112,0
DA:114,0
DA:115,0
DA:117,0
DA:119,0
DA:120,0
DA:121,0
DA:123,0
DA:124,0
DA:125,0
DA:126,0
DA:128,0
DA:129,0
DA:136,1
DA:138,0
DA:140,0
DA:141,0
DA:143,0
DA:144,0
DA:145,0
DA:148,0
DA:149,0
DA:150,0
DA:151,0
DA:153,0
DA:154,0
DA:159,1
DA:160,1
DA:162,0
DA:164,0
DA:165,0
DA:167,0
DA:168,0
DA:169,0
DA:172,0
DA:173,0
DA:174,0
DA:175,0
DA:177,0
DA:178,0
DA:185,1
DA:187,0
DA:189,0
DA:190,0
DA:192,0
DA:193,0
DA:194,0
DA:196,0
DA:197,0
DA:198,0
DA:199,0
DA:201,0
DA:203,0
DA:205,0
DA:206,0
DA:212,1
DA:214,0
DA:216,0
DA:217,0
DA:220,0
DA:221,0
DA:223,0
DA:224,0
DA:225,0
DA:227,0
DA:228,0
DA:229,0
DA:230,0
DA:233,0
DA:235,0
DA:236,0
LF:128
LH:18
FN:26,31,_goto
FNDA:0,_goto
FN:36,42,test_resize_handles_exist
FNDA:0,test_resize_handles_exist
FN:45,55,test_resize_handles_have_correct_cursor
FNDA:0,test_resize_handles_have_correct_cursor
FN:60,82,test_drag_left_handle_widens_sidebar
FNDA:0,test_drag_left_handle_widens_sidebar
FN:85,106,test_drag_left_handle_narrows_sidebar
FNDA:0,test_drag_left_handle_narrows_sidebar
FN:110,131,test_drag_right_handle_widens_inspector
FNDA:0,test_drag_right_handle_widens_inspector
FN:136,156,test_sidebar_respects_minimum_width
FNDA:0,test_sidebar_respects_minimum_width
FN:160,180,test_inspector_respects_minimum_width
FNDA:0,test_inspector_respects_minimum_width
FN:185,209,test_sidebar_width_persists_across_reload
FNDA:0,test_sidebar_width_persists_across_reload
FN:212,238,test_drag_left_handle_resizes_stats_chart
FNDA:0,test_drag_left_handle_resizes_stats_chart
FNF:10
FNH:0
end_of_record
SF:tests/test_scope_filter.py
DA:7,1
DA:8,1
DA:15,1
DA:17,1
DA:18,1
DA:20,1
DA:21,1
DA:22,1
DA:24,1
DA:25,1
DA:27,1
DA:28,1
DA:29,1
DA:31,1
DA:34,1
DA:35,1
DA:36,1
DA:37,1
DA:38,1
DA:39,1
DA:41,1
DA:44,1
DA:45,1
DA:47,1
DA:49,1
DA:50,1
DA:52,1
DA:54,1
DA:55,1
DA:56,1
DA:58,1
DA:59,1
DA:62,1
DA:63,1
DA:64,1
DA:65,1
DA:66,1
DA:67,1
DA:69,1
DA:71,1
DA:72,1
DA:74,1
DA:75,1
DA:77,1
DA:79,1
DA:80,1
DA:82,1
DA:83,1
DA:84,1
DA:87,1
DA:88,1
DA:89,1
DA:90,1
DA:91,1
DA:92,1
DA:94,1
DA:96,1
DA:97,1
DA:99,1
DA:100,1
DA:102,1
DA:104,1
DA:105,1
DA:107,1
DA:108,1
DA:109,1
DA:116,1
DA:117,1
DA:118,1
DA:120,1
DA:122,1
DA:127,1
DA:129,1
DA:130,1
DA:131,1
DA:134,1
DA:135,1
DA:136,1
DA:138,1
DA:140,1
DA:144,1
DA:146,1
DA:147,1
DA:148,1
DA:149,1
DA:150,1
DA:153,1
DA:154,1
DA:155,1
DA:157,1
DA:159,1
DA:163,1
DA:165,1
DA:166,1
DA:167,1
DA:168,1
DA:169,1
DA:172,1
DA:173,1
DA:174,1
DA:176,1
DA:178,1
DA:180,1
DA:182,1
LF:104
LH:104
FN:15,31,_make_db_mock_with_scope
FNDA:1,_make_db_mock_with_scope
FN:39,59,test_scope_filter_both_fetches_both_scopes
FNDA:1,test_scope_filter_both_fetches_both_scopes
FN:67,84,test_scope_filter_user_only_skips_global
FNDA:1,test_scope_filter_user_only_skips_global
FN:92,109,test_scope_filter_global_only_skips_user
FNDA:1,test_scope_filter_global_only_skips_user
FN:118,131,test_fetch_all_quadlets_both_scans_both
FNDA:1,test_fetch_all_quadlets_both_scans_both
FN:136,150,test_fetch_all_quadlets_user_only
FNDA:1,test_fetch_all_quadlets_user_only
FN:155,169,test_fetch_all_quadlets_global_only
FNDA:1,test_fetch_all_quadlets_global_only
FN:174,182,test_fetch_all_quadlets_defaults_to_both
FNDA:1,test_fetch_all_quadlets_defaults_to_both
FNF:8
FNH:8
end_of_record
SF:tests/test_server_key_dropdown.py
DA:8,1
DA:9,1
DA:10,1
DA:11,1
DA:12,1
DA:14,1
DA:15,1
DA:16,1
DA:17,0
DA:18,0
DA:19,0
DA:20,0
DA:22,1
DA:24,1
DA:29,1
DA:30,1
DA:33,0
DA:34,0
DA:35,0
DA:36,0
DA:39,0
DA:40,0
DA:41,0
DA:42,0
DA:43,0
DA:44,0
DA:47,0
DA:48,0
DA:51,0
DA:52,0
DA:57,1
DA:59,1
DA:60,1
DA:61,1
DA:63,1
DA:64,1
DA:65,1
DA:67,1
DA:68,1
DA:70,1
DA:71,1
DA:73,1
DA:74,1
DA:76,1
DA:77,1
DA:85,1
DA:86,1
DA:87,1
DA:89,1
DA:91,1
DA:93,1
DA:94,1
DA:95,1
DA:96,1
DA:98,1
DA:99,1
DA:100,1
DA:101,1
DA:102,1
DA:103,1
DA:106,1
DA:107,1
DA:108,1
DA:110,1
DA:112,1
DA:114,1
DA:115,1
DA:116,1
DA:117,1
DA:119,1
DA:120,1
DA:121,1
DA:129,1
DA:130,1
DA:131,1
DA:132,1
DA:134,1
DA:135,1
DA:137,1
DA:139,1
DA:140,1
DA:142,1
DA:143,1
DA:144,1
DA:145,1
DA:146,1
DA:148,1
DA:158,1
DA:161,1
DA:162,1
DA:163,1
DA:165,1
DA:167,1
DA:169,1
DA:170,1
DA:171,1
DA:172,1
DA:174,1
DA:175,1
DA:185,1
DA:188,1
DA:189,1
DA:190,1
DA:192,1
DA:194,1
DA:195,1
DA:205,1
LF:107
LH:89
FN:30,54,test_ssh_key_dropdown_populated_on_settings_visit
FNDA:0,test_ssh_key_dropdown_populated_on_settings_visit
FN:59,61,_AioDualMock.__init__
FNDA:1,_AioDualMock.__init__
FN:63,65,_AioDualMock.__await__
FNDA:1,_AioDualMock.__await__
FN:64,64,_AioDualMock.__await__._noop
FNDA:1,_AioDualMock.__await__._noop
FN:67,68,_AioDualMock.__aenter__
FNDA:1,_AioDualMock.__aenter__
FN:70,71,_AioDualMock.__aexit__
FNDA:1,_AioDualMock.__aexit__
FN:73,74,_AioDualMock.fetchone
FNDA:1,_AioDualMock.fetchone
FN:76,77,_AioDualMock.fetchall
FNDA:1,_AioDualMock.fetchall
FN:87,103,test_keys_options_returns_option_elements
FNDA:1,test_keys_options_returns_option_elements
FN:108,121,test_keys_options_empty_when_no_keys
FNDA:1,test_keys_options_empty_when_no_keys
FN:132,158,test_add_server_with_ssh_key_id
FNDA:1,test_add_server_with_ssh_key_id
FN:163,185,test_add_server_with_invalid_key_id_returns_400
FNDA:1,test_add_server_with_invalid_key_id_returns_400
FN:190,205,test_add_server_non_admin_rejected
FNDA:1,test_add_server_non_admin_rejected
FNF:13
FNH:12
end_of_record
SF:tests/test_settings_layout.py
DA:7,1
DA:9,1
DA:10,1
DA:11,1
DA:12,0
DA:13,0
DA:14,0
DA:15,0
DA:17,1
DA:22,1
DA:25,1
DA:26,0
DA:27,0
DA:28,0
DA:29,0
DA:30,0
DA:31,0
DA:34,1
DA:36,0
DA:37,0
DA:40,0
DA:45,1
DA:47,0
DA:48,0
DA:49,0
DA:50,0
DA:55,1
DA:57,0
DA:58,0
DA:59,0
DA:62,1
DA:64,0
DA:66,0
DA:67,0
DA:70,0
DA:71,0
DA:72,0
DA:75,1
DA:77,0
DA:78,0
DA:81,0
DA:86,1
DA:88,0
DA:89,0
DA:91,0
DA:92,0
DA:93,0
DA:94,0
DA:96,0
DA:97,0
DA:99,0
DA:101,0
DA:107,1
DA:109,0
DA:110,0
DA:112,0
DA:113,0
DA:114,0
DA:115,0
DA:117,0
DA:118,0
DA:120,0
DA:122,0
LF:63
LH:14
FN:25,31,_goto_settings
FNDA:0,_goto_settings
FN:34,42,test_settings_title_has_left_padding
FNDA:0,test_settings_title_has_left_padding
FN:45,52,test_settings_title_is_fully_visible
FNDA:0,test_settings_title_is_fully_visible
FN:55,59,test_settings_sidenav_is_visible
FNDA:0,test_settings_sidenav_is_visible
FN:62,72,test_settings_sidenav_switches_sections
FNDA:0,test_settings_sidenav_switches_sections
FN:75,83,test_settings_active_group_uses_grid_layout
FNDA:0,test_settings_active_group_uses_grid_layout
FN:86,104,test_settings_group_multi_column_on_wide_viewport
FNDA:0,test_settings_group_multi_column_on_wide_viewport
FN:107,125,test_settings_group_single_column_on_narrow_viewport
FNDA:0,test_settings_group_single_column_on_narrow_viewport
FNF:8
FNH:0
end_of_record
SF:tests/test_sockets.py
DA:1,1
DA:2,1
DA:3,1
DA:4,1
DA:5,1
DA:6,1
DA:7,1
DA:9,1
DA:10,1
DA:11,1
DA:12,1
DA:14,1
DA:15,1
DA:16,1
DA:17,1
DA:18,1
DA:19,1
DA:21,1
DA:22,1
DA:24,1
DA:25,1
DA:27,1
DA:28,1
DA:29,1
DA:30,1
DA:31,1
DA:32,1
DA:34,1
DA:35,1
DA:36,1
DA:38,1
DA:39,1
DA:40,1
DA:42,1
DA:44,1
DA:46,1
DA:48,1
DA:49,1
DA:51,1
DA:52,1
DA:54,1
DA:55,1
DA:56,1
DA:57,1
DA:58,1
DA:59,1
DA:61,1
DA:62,1
DA:65,1
DA:66,1
DA:67,1
DA:68,1
DA:70,1
DA:72,1
DA:74,1
DA:75,1
DA:78,1
DA:79,1
DA:81,1
DA:82,1
DA:83,1
DA:84,1
DA:86,1
DA:87,0
DA:89,0
DA:91,1
DA:92,1
DA:93,1
DA:94,1
DA:96,1
DA:98,1
DA:100,1
DA:102,1
DA:103,1
DA:106,1
DA:107,1
DA:108,1
DA:110,1
DA:111,1
DA:114,1
DA:115,1
DA:117,1
DA:118,1
DA:119,1
DA:120,1
DA:121,1
DA:122,1
DA:124,1
DA:125,0
DA:127,0
DA:129,1
DA:130,1
DA:131,1
DA:133,1
DA:136,1
DA:138,1
DA:141,1
DA:144,1
DA:145,1
DA:147,1
DA:149,1
DA:150,1
DA:151,1
DA:152,1
DA:153,1
DA:154,1
DA:156,1
DA:157,0
DA:158,0
DA:160,1
DA:161,1
DA:162,1
DA:164,1
DA:167,1
DA:168,1
DA:170,1
DA:173,1
DA:176,1
DA:177,1
DA:179,1
DA:180,1
DA:181,1
DA:182,1
DA:183,1
DA:185,1
DA:186,0
DA:188,1
DA:189,1
DA:190,1
DA:192,1
DA:194,1
DA:196,1
DA:199,1
DA:200,1
DA:203,1
DA:204,1
DA:206,1
DA:207,1
DA:209,1
DA:211,1
DA:212,1
DA:213,1
DA:214,1
DA:217,1
DA:218,1
DA:220,1
DA:221,1
DA:223,1
DA:225,1
DA:226,1
DA:227,1
DA:228,1
DA:231,1
DA:232,1
DA:234,1
DA:235,1
DA:236,1
DA:237,1
DA:238,1
DA:240,1
DA:241,0
DA:243,1
DA:244,1
DA:245,1
DA:246,1
DA:248,1
DA:250,1
DA:255,1
DA:256,1
DA:258,1
DA:261,1
DA:262,1
DA:264,1
DA:265,1
DA:266,1
DA:267,1
DA:269,1
DA:270,1
DA:273,1
DA:274,1
DA:275,1
DA:276,1
DA:278,1
DA:280,1
DA:282,1
DA:283,1
DA:288,1
DA:289,1
DA:290,1
DA:291,1
DA:292,1
DA:295,1
DA:296,1
DA:297,1
DA:298,1
DA:299,1
DA:300,1
DA:303,1
DA:304,1
DA:306,1
DA:307,1
DA:309,1
DA:310,0
DA:312,1
DA:314,1
DA:316,1
DA:317,1
DA:318,1
DA:321,1
DA:322,1
DA:324,1
DA:325,1
DA:327,1
DA:328,0
DA:330,1
DA:332,1
DA:334,1
DA:335,1
DA:338,1
DA:339,1
DA:341,1
DA:342,1
DA:344,1
DA:345,1
DA:347,1
DA:349,1
DA:351,1
DA:352,1
DA:355,1
DA:356,1
DA:358,1
DA:359,1
DA:361,1
DA:362,1
DA:364,1
DA:366,1
DA:368,1
DA:369,1
DA:372,1
DA:373,1
DA:375,1
DA:376,1
DA:378,1
DA:379,1
DA:381,1
DA:383,1
DA:385,1
DA:386,1
LF:248
LH:238
FN:10,12,mock_websocket
FNDA:1,mock_websocket
FN:15,25,test_connection_manager
FNDA:1,test_connection_manager
FN:28,52,test_stream_logs_over_websocket_disconnect
FNDA:1,test_stream_logs_over_websocket_disconnect
FN:34,36,test_stream_logs_over_websocket_disconnect.mock_stdout
FNDA:1,test_stream_logs_over_websocket_disconnect.mock_stdout
FN:55,75,test_stream_logs_over_websocket_stop_command
FNDA:1,test_stream_logs_over_websocket_stop_command
FN:61,63,test_stream_logs_over_websocket_stop_command.empty_stdout
FNDA:1,test_stream_logs_over_websocket_stop_command.empty_stdout
FN:79,111,test_exec_terminal_over_websocket_disconnect
FNDA:1,test_exec_terminal_over_websocket_disconnect
FN:86,89,test_exec_terminal_over_websocket_disconnect.mock_stdout
FNDA:0,test_exec_terminal_over_websocket_disconnect.mock_stdout
FN:115,141,test_exec_terminal_forward_input
FNDA:1,test_exec_terminal_forward_input
FN:124,127,test_exec_terminal_forward_input.mock_stdout
FNDA:0,test_exec_terminal_forward_input.mock_stdout
FN:145,173,test_exec_terminal_resize_event
FNDA:1,test_exec_terminal_resize_event
FN:156,158,test_exec_terminal_resize_event.mock_stdout
FNDA:0,test_exec_terminal_resize_event.mock_stdout
FN:177,200,test_exec_terminal_with_custom_command
FNDA:1,test_exec_terminal_with_custom_command
FN:185,186,test_exec_terminal_with_custom_command.mock_stdout
FNDA:0,test_exec_terminal_with_custom_command.mock_stdout
FN:204,214,test_stream_logs_rejects_invalid_unit_name
FNDA:1,test_stream_logs_rejects_invalid_unit_name
FN:218,228,test_exec_terminal_rejects_invalid_container_name
FNDA:1,test_exec_terminal_rejects_invalid_container_name
FN:232,258,test_exec_terminal_cmd_injection_is_quoted
FNDA:1,test_exec_terminal_cmd_injection_is_quoted
FN:240,241,test_exec_terminal_cmd_injection_is_quoted.mock_stdout
FNDA:0,test_exec_terminal_cmd_injection_is_quoted.mock_stdout
FN:262,283,test_stream_logs_valid_unit_name_passes
FNDA:1,test_stream_logs_valid_unit_name_passes
FN:269,271,test_stream_logs_valid_unit_name_passes.mock_stdout
FNDA:1,test_stream_logs_valid_unit_name_passes.mock_stdout
FN:289,292,unauth_ws
FNDA:1,unauth_ws
FN:296,300,authed_ws
FNDA:1,authed_ws
FN:304,318,test_ws_logs_rejects_unauthenticated
FNDA:1,test_ws_logs_rejects_unauthenticated
FN:309,310,test_ws_logs_rejects_unauthenticated.fake_stream
FNDA:0,test_ws_logs_rejects_unauthenticated.fake_stream
FN:322,335,test_ws_exec_rejects_unauthenticated
FNDA:1,test_ws_exec_rejects_unauthenticated
FN:327,328,test_ws_exec_rejects_unauthenticated.fake_exec
FNDA:0,test_ws_exec_rejects_unauthenticated.fake_exec
FN:339,352,test_ws_logs_accepts_valid_session
FNDA:1,test_ws_logs_accepts_valid_session
FN:344,345,test_ws_logs_accepts_valid_session.fake_stream
FNDA:1,test_ws_logs_accepts_valid_session.fake_stream
FN:356,369,test_ws_exec_accepts_valid_session
FNDA:1,test_ws_exec_accepts_valid_session
FN:361,362,test_ws_exec_accepts_valid_session.fake_exec
FNDA:1,test_ws_exec_accepts_valid_session.fake_exec
FN:373,386,test_ws_logs_dev_auto_login_bypasses_auth
FNDA:1,test_ws_logs_dev_auto_login_bypasses_auth
FN:378,379,test_ws_logs_dev_auto_login_bypasses_auth.fake_stream
FNDA:1,test_ws_logs_dev_auto_login_bypasses_auth.fake_stream
FNF:32
FNH:25
end_of_record
SF:tests/test_ssh_key_api.py
DA:2,1
DA:3,1
DA:4,1
DA:5,1
DA:6,1
DA:8,1
DA:11,1
DA:13,1
DA:14,1
DA:15,1
DA:17,1
DA:18,1
DA:19,1
DA:21,1
DA:22,1
DA:24,1
DA:25,1
DA:27,1
DA:28,1
DA:30,1
DA:31,1
DA:39,1
DA:40,1
DA:41,1
DA:42,1
DA:44,1
DA:48,1
DA:51,1
DA:52,1
DA:53,1
DA:54,1
DA:56,1
DA:58,1
DA:59,1
DA:60,1
DA:61,1
DA:63,1
DA:67,1
DA:68,1
DA:69,1
DA:70,1
DA:78,1
DA:79,1
DA:80,1
DA:81,1
DA:82,1
DA:84,1
DA:85,1
DA:92,1
DA:95,1
DA:96,1
DA:97,1
DA:98,1
DA:99,1
DA:100,1
DA:101,1
DA:103,1
DA:105,1
DA:106,1
DA:107,1
DA:108,1
DA:109,1
DA:111,1
DA:118,1
DA:119,1
DA:122,1
DA:123,1
DA:124,1
DA:125,1
DA:126,1
DA:127,1
DA:128,1
DA:130,1
DA:132,1
DA:133,1
DA:134,1
DA:135,1
DA:136,1
DA:138,1
DA:139,1
DA:141,1
DA:148,1
DA:149,1
DA:152,1
DA:153,1
DA:154,1
DA:155,1
DA:157,1
DA:159,1
DA:160,1
DA:167,1
DA:175,1
DA:176,1
DA:177,1
DA:178,1
DA:180,1
DA:181,1
DA:186,1
DA:189,1
DA:190,1
DA:191,1
DA:192,1
DA:193,1
DA:194,1
DA:196,1
DA:198,1
DA:199,1
DA:201,1
DA:202,1
DA:203,1
DA:204,1
DA:205,1
DA:207,1
DA:212,1
DA:215,1
DA:216,1
DA:217,1
DA:219,1
DA:221,1
DA:223,1
DA:224,1
DA:225,1
DA:226,1
DA:228,1
DA:229,1
DA:234,1
LF:126
LH:126
FN:13,15,_AioDualMock.__init__
FNDA:1,_AioDualMock.__init__
FN:17,19,_AioDualMock.__await__
FNDA:1,_AioDualMock.__await__
FN:18,18,_AioDualMock.__await__._noop
FNDA:1,_AioDualMock.__await__._noop
FN:21,22,_AioDualMock.__aenter__
FNDA:1,_AioDualMock.__aenter__
FN:24,25,_AioDualMock.__aexit__
FNDA:1,_AioDualMock.__aexit__
FN:27,28,_AioDualMock.fetchone
FNDA:1,_AioDualMock.fetchone
FN:30,31,_AioDualMock.fetchall
FNDA:1,_AioDualMock.fetchall
FN:41,48,test_non_admin_cannot_list_keys
FNDA:1,test_non_admin_cannot_list_keys
FN:53,70,test_admin_can_list_keys
FNDA:1,test_admin_can_list_keys
FN:81,92,test_non_admin_cannot_add_key
FNDA:1,test_non_admin_cannot_add_key
FN:99,119,test_admin_can_add_key_by_paste
FNDA:1,test_admin_can_add_key_by_paste
FN:126,149,test_admin_can_add_key_by_file_upload
FNDA:1,test_admin_can_add_key_by_file_upload
FN:155,167,test_add_key_requires_key_content
FNDA:1,test_add_key_requires_key_content
FN:177,186,test_non_admin_cannot_delete_key
FNDA:1,test_non_admin_cannot_delete_key
FN:192,212,test_admin_can_delete_key
FNDA:1,test_admin_can_delete_key
FN:217,234,test_delete_key_in_use_returns_409
FNDA:1,test_delete_key_in_use_returns_409
FNF:16
FNH:16
end_of_record
SF:tests/test_stats_e2e.py
DA:1,1
DA:2,1
DA:3,1
DA:8,1
DA:10,0
DA:13,0
DA:17,0
DA:19,0
DA:20,0
DA:21,0
DA:22,0
DA:25,0
DA:27,1
DA:29,0
DA:32,0
DA:36,0
DA:37,0
DA:40,0
DA:42,0
DA:43,0
DA:46,0
DA:49,0
DA:52,0
DA:53,0
DA:56,0
DA:57,0
DA:58,0
LF:27
LH:5
FN:8,25,test_stats_update_received
FNDA:0,test_stats_update_received
FN:27,58,test_log_streaming_ui
FNDA:0,test_log_streaming_ui
FNF:2
FNH:0
end_of_record
SF:tests/test_stats_engine.py
DA:6,1
DA:7,1
DA:8,1
DA:10,1
DA:25,1
DA:27,1
DA:36,1
DA:38,1
DA:39,1
DA:40,1
DA:41,1
DA:42,1
DA:43,1
DA:44,1
DA:47,1
DA:49,1
DA:58,1
DA:60,1
DA:61,1
DA:62,1
DA:63,1
DA:64,1
DA:67,1
DA:69,1
DA:70,1
DA:72,1
DA:73,1
DA:74,1
DA:75,1
DA:76,1
DA:77,1
DA:78,1
DA:81,1
DA:84,1
DA:90,1
DA:92,1
DA:93,1
DA:96,1
DA:98,1
DA:103,1
DA:106,1
DA:107,1
DA:108,1
DA:111,1
DA:113,1
DA:114,1
DA:115,1
DA:117,1
DA:125,1
DA:126,1
DA:127,1
DA:129,1
DA:130,1
DA:131,1
DA:133,1
DA:135,1
DA:136,1
DA:139,1
DA:140,1
DA:141,1
DA:144,1
DA:145,1
DA:146,1
DA:149,1
DA:150,1
DA:151,1
DA:153,1
DA:154,1
DA:155,1
DA:157,1
DA:159,1
DA:160,1
DA:163,1
DA:164,1
DA:166,1
DA:167,1
DA:170,1
DA:171,1
DA:172,1
DA:174,1
DA:176,1
DA:178,1
DA:180,1
DA:183,1
DA:184,1
DA:185,1
DA:187,1
DA:189,1
DA:191,1
DA:194,1
DA:195,1
DA:196,1
DA:198,1
DA:199,1
DA:201,1
DA:203,1
DA:206,1
DA:207,1
DA:208,1
DA:210,1
DA:211,1
DA:212,1
DA:214,1
DA:216,1
DA:217,1
DA:220,1
DA:221,1
DA:222,1
DA:224,1
DA:225,1
DA:226,1
DA:228,1
DA:230,1
DA:231,1
DA:234,1
DA:235,1
DA:236,1
DA:238,1
DA:239,1
DA:240,1
DA:242,1
DA:244,1
DA:247,1
DA:248,1
DA:249,1
DA:251,1
DA:252,1
DA:253,1
DA:255,1
DA:257,1
DA:258,1
DA:261,1
DA:262,1
DA:263,1
DA:265,1
DA:266,1
DA:268,1
DA:269,1
DA:271,1
DA:272,1
DA:274,1
DA:275,1
DA:276,1
DA:284,1
DA:290,1
DA:291,1
DA:294,1
DA:295,1
DA:296,1
DA:298,1
DA:299,1
DA:302,1
DA:303,1
DA:304,1
DA:306,1
DA:307,1
DA:310,1
DA:311,1
DA:312,1
DA:313,1
DA:314,1
DA:315,1
DA:317,1
DA:319,1
DA:321,1
DA:325,1
DA:326,1
DA:328,1
DA:330,1
DA:331,1
DA:332,1
DA:334,1
DA:335,1
DA:336,1
DA:337,1
DA:338,1
DA:339,1
DA:340,1
DA:343,1
DA:344,1
DA:345,1
DA:346,1
DA:347,1
DA:348,1
DA:350,1
DA:352,1
DA:353,1
DA:355,1
DA:357,1
DA:364,1
DA:365,1
DA:366,1
DA:367,1
DA:368,1
DA:369,1
DA:371,1
DA:373,1
DA:374,1
DA:376,1
DA:378,1
DA:385,1
DA:386,1
DA:387,1
DA:388,1
DA:389,1
DA:390,1
DA:392,1
DA:395,1
DA:397,1
DA:399,1
DA:400,1
DA:402,1
DA:404,1
DA:406,1
DA:407,1
DA:408,1
DA:410,1
DA:411,1
DA:412,1
DA:420,1
DA:421,1
DA:424,1
DA:425,1
DA:428,1
DA:429,1
DA:432,1
DA:433,1
DA:436,1
DA:437,1
DA:440,1
DA:441,1
DA:444,1
DA:445,1
DA:453,1
DA:455,1
DA:456,1
DA:457,1
DA:458,1
DA:460,1
DA:461,1
DA:462,1
DA:464,1
DA:465,1
DA:468,1
DA:469,1
DA:470,1
DA:472,1
DA:473,1
DA:474,1
DA:476,1
DA:480,1
DA:481,1
DA:483,1
DA:485,1
DA:486,1
DA:487,1
DA:488,1
DA:489,1
DA:490,1
DA:492,1
DA:493,1
DA:496,1
DA:497,1
DA:498,1
DA:500,1
DA:501,1
DA:502,1
DA:504,1
DA:505,1
DA:508,1
DA:510,1
DA:511,1
DA:512,1
DA:513,1
DA:516,1
DA:517,1
DA:518,1
DA:520,1
DA:521,1
DA:522,1
DA:524,1
DA:525,1
DA:527,1
DA:529,1
LF:284
LH:284
FN:25,44,test_podman_v4_format
FNDA:1,test_podman_v4_format
FN:47,64,test_podman_v3_format
FNDA:1,test_podman_v3_format
FN:67,78,test_missing_fields_fallback_to_defaults
FNDA:1,test_missing_fields_fallback_to_defaults
FN:81,93,test_mixed_keys_prefers_lowercase
FNDA:1,test_mixed_keys_prefers_lowercase
FN:96,108,test_empty_string_values_treated_as_missing
FNDA:1,test_empty_string_values_treated_as_missing
FN:111,117,test_all_keys_present_in_output
FNDA:1,test_all_keys_present_in_output
FN:127,146,test_rootless_commands_include_env_prefix
FNDA:1,test_rootless_commands_include_env_prefix
FN:151,167,test_rootful_commands_use_sudo
FNDA:1,test_rootful_commands_use_sudo
FN:172,180,test_no_running_containers_returns_empty
FNDA:1,test_no_running_containers_returns_empty
FN:185,191,test_ssh_error_returns_empty_list
FNDA:1,test_ssh_error_returns_empty_list
FN:196,203,test_invalid_json_returns_empty_list
FNDA:1,test_invalid_json_returns_empty_list
FN:208,217,test_fetch_scope_stats_uses_json_ps_format
FNDA:1,test_fetch_scope_stats_uses_json_ps_format
FN:222,231,test_health_status_included_in_result
FNDA:1,test_health_status_included_in_result
FN:236,244,test_health_status_defaults_to_empty_when_absent
FNDA:1,test_health_status_defaults_to_empty_when_absent
FN:249,258,test_health_status_names_as_list
FNDA:1,test_health_status_names_as_list
FN:263,276,test_record_health_history_includes_health_status
FNDA:1,test_record_health_history_includes_health_status
FN:284,307,_make_db_mock
FNDA:1,_make_db_mock
FN:315,340,test_merges_user_and_global_containers
FNDA:1,test_merges_user_and_global_containers
FN:348,361,test_empty_both_scopes_publishes_empty
FNDA:1,test_empty_both_scopes_publishes_empty
FN:369,382,test_gather_exception_publishes_error
FNDA:1,test_gather_exception_publishes_error
FN:390,412,test_multiple_servers_each_publish
FNDA:1,test_multiple_servers_each_publish
FN:420,421,test_parse_pct_string_with_percent
FNDA:1,test_parse_pct_string_with_percent
FN:424,425,test_parse_pct_string_without_percent
FNDA:1,test_parse_pct_string_without_percent
FN:428,429,test_parse_pct_float
FNDA:1,test_parse_pct_float
FN:432,433,test_parse_pct_int
FNDA:1,test_parse_pct_int
FN:436,437,test_parse_pct_empty_string
FNDA:1,test_parse_pct_empty_string
FN:440,441,test_parse_pct_invalid_string
FNDA:1,test_parse_pct_invalid_string
FN:444,445,test_parse_pct_zero_string
FNDA:1,test_parse_pct_zero_string
FN:453,465,_make_health_db_mock
FNDA:1,_make_health_db_mock
FN:470,493,test_record_health_history_inserts_running_containers
FNDA:1,test_record_health_history_inserts_running_containers
FN:498,513,test_record_health_history_writes_stopped_for_disappeared
FNDA:1,test_record_health_history_writes_stopped_for_disappeared
FN:518,529,test_record_health_history_skips_db_when_no_change
FNDA:1,test_record_health_history_skips_db_when_no_change
FNF:32
FNH:32
end_of_record
SF:tests/test_stats_monitoring_dedup.py
DA:7,1
DA:8,1
DA:10,1
DA:13,1
DA:14,1
DA:19,1
DA:21,1
DA:26,1
DA:28,1
DA:30,1
DA:31,1
DA:32,1
DA:33,1
DA:35,1
DA:40,1
DA:42,1
DA:43,1
DA:44,1
DA:45,1
DA:47,1
DA:48,1
DA:49,1
DA:54,1
DA:56,1
DA:61,1
DA:63,1
DA:64,1
DA:65,1
DA:66,1
DA:67,1
DA:70,1
DA:75,1
DA:77,1
DA:78,1
DA:79,1
DA:80,1
DA:81,1
DA:84,1
LF:38
LH:38
FN:13,14,_src
FNDA:1,_src
FN:19,23,test_build_bar_chart_config_factory_exists
FNDA:1,test_build_bar_chart_config_factory_exists
FN:26,37,test_init_stats_chart_uses_factory
FNDA:1,test_init_stats_chart_uses_factory
FN:40,49,test_monitor_time_series_charts_use_factory
FNDA:1,test_monitor_time_series_charts_use_factory
FN:54,58,test_render_container_stats_table_exists
FNDA:1,test_render_container_stats_table_exists
FN:61,72,test_update_stats_uses_shared_table_renderer
FNDA:1,test_update_stats_uses_shared_table_renderer
FN:75,86,test_update_monitoring_view_uses_shared_table_renderer
FNDA:1,test_update_monitoring_view_uses_shared_table_renderer
FNF:7
FNH:7
end_of_record
SF:tests/test_status_dots.py
DA:14,1
DA:15,1
DA:17,1
DA:18,1
DA:19,1
DA:20,0
DA:21,0
DA:22,0
DA:23,0
DA:25,0
DA:26,0
DA:28,1
DA:33,1
DA:36,1
DA:38,0
DA:39,0
DA:40,0
DA:41,0
DA:49,1
DA:57,0
DA:58,0
DA:76,1
DA:83,0
DA:86,0
DA:88,0
DA:89,0
DA:90,0
DA:91,0
DA:93,0
DA:96,1
DA:101,0
DA:102,0
DA:104,0
DA:105,0
DA:106,0
DA:107,0
DA:109,0
DA:110,0
DA:111,0
DA:112,0
DA:115,0
DA:120,1
DA:125,0
DA:126,0
DA:128,0
DA:129,0
DA:130,0
DA:131,0
DA:134,0
DA:135,0
DA:136,0
DA:138,0
DA:139,0
DA:142,0
DA:145,0
DA:146,0
DA:149,0
DA:154,1
DA:159,0
DA:160,0
DA:162,0
DA:163,0
DA:164,0
DA:165,0
DA:167,0
DA:168,0
DA:169,0
DA:171,0
DA:172,0
DA:175,0
DA:176,0
DA:177,0
DA:180,0
DA:181,0
DA:182,0
DA:185,0
DA:190,1
DA:195,0
DA:196,0
DA:199,0
DA:208,0
DA:209,0
DA:211,0
DA:212,0
DA:215,0
DA:221,0
DA:222,0
DA:225,0
DA:228,0
DA:229,0
DA:230,0
DA:231,0
DA:236,0
DA:237,0
DA:238,0
DA:243,1
DA:248,0
DA:249,0
DA:251,0
DA:252,0
DA:253,0
DA:254,0
DA:256,0
DA:257,0
DA:258,0
DA:260,0
DA:261,0
DA:264,0
DA:265,0
DA:266,0
DA:271,0
DA:272,0
DA:273,0
LF:113
LH:15
FN:36,41,_goto
FNDA:0,_goto
FN:49,69,_inject_stats_update
FNDA:0,_inject_stats_update
FN:76,93,test_status_dots_present_after_tree_loads
FNDA:0,test_status_dots_present_after_tree_loads
FN:96,117,test_status_dots_start_as_stopped
FNDA:0,test_status_dots_start_as_stopped
FN:120,151,test_dot_transitions_to_running_on_stats_update
FNDA:0,test_dot_transitions_to_running_on_stats_update
FN:154,187,test_dot_returns_to_stopped_when_container_disappears
FNDA:0,test_dot_returns_to_stopped_when_container_disappears
FN:190,240,test_multiple_servers_dots_update_independently
FNDA:0,test_multiple_servers_dots_update_independently
FN:243,275,test_dot_title_attribute_reflects_state
FNDA:0,test_dot_title_attribute_reflects_state
FNF:8
FNH:0
end_of_record
SF:tests/test_sync_engine.py
DA:6,1
DA:7,1
DA:9,1
DA:17,1
DA:18,1
DA:20,1
DA:21,1
DA:24,1
DA:25,1
DA:27,1
DA:28,1
DA:31,1
DA:32,1
DA:34,1
DA:35,1
DA:38,1
DA:39,1
DA:41,1
DA:42,1
DA:45,1
DA:46,1
DA:48,1
DA:49,1
DA:52,1
DA:53,1
DA:55,1
DA:56,1
DA:64,1
DA:81,1
DA:82,1
DA:84,1
DA:87,1
DA:88,1
DA:90,1
DA:91,1
DA:93,1
DA:94,1
DA:95,1
DA:96,1
DA:98,1
DA:99,1
DA:100,1
DA:102,1
DA:103,1
DA:104,1
DA:106,1
DA:114,1
DA:115,1
DA:116,1
DA:117,1
DA:118,1
DA:120,1
DA:129,1
DA:130,1
DA:132,1
DA:135,1
DA:136,1
DA:138,1
DA:141,1
DA:142,1
DA:143,1
DA:144,1
DA:145,1
DA:146,1
DA:149,1
DA:150,1
DA:151,1
DA:152,1
DA:153,1
DA:155,1
DA:163,1
DA:164,1
DA:167,1
DA:168,1
DA:170,1
DA:172,1
DA:175,1
DA:176,1
DA:177,1
DA:178,1
DA:179,1
DA:181,1
DA:189,1
DA:190,1
DA:192,1
DA:193,1
DA:195,1
DA:197,1
DA:200,1
DA:201,1
DA:202,1
DA:203,1
DA:204,1
DA:206,1
DA:214,1
DA:215,1
DA:217,1
DA:218,1
DA:220,1
DA:223,1
DA:226,1
DA:227,1
DA:228,1
DA:229,1
DA:230,1
DA:232,1
DA:240,1
DA:241,1
DA:243,1
DA:244,1
DA:247,1
DA:249,1
DA:252,1
DA:253,1
DA:254,1
DA:255,1
DA:256,1
DA:258,1
DA:266,1
DA:267,1
DA:269,1
DA:270,1
DA:272,1
DA:275,1
DA:282,1
DA:283,1
DA:284,1
DA:285,1
DA:286,1
DA:288,1
DA:296,1
DA:297,1
DA:299,1
DA:300,1
DA:302,1
DA:304,1
DA:311,1
DA:312,1
DA:313,1
DA:314,1
DA:315,1
DA:317,1
DA:318,1
DA:320,1
DA:321,1
DA:323,1
DA:325,1
DA:326,1
DA:329,1
DA:330,1
DA:331,1
DA:332,1
DA:333,1
DA:335,1
DA:343,1
DA:344,1
DA:345,1
DA:347,1
DA:348,1
DA:350,1
DA:353,1
DA:354,1
DA:355,1
DA:356,1
DA:357,1
DA:358,1
DA:359,1
DA:367,1
DA:368,1
DA:369,1
DA:370,1
DA:371,1
DA:378,1
DA:386,1
DA:387,1
DA:390,1
DA:391,1
DA:393,1
DA:396,1
LF:179
LH:179
FN:18,21,test_valid_timestamp
FNDA:1,test_valid_timestamp
FN:25,28,test_timestamp_with_whitespace
FNDA:1,test_timestamp_with_whitespace
FN:32,35,test_empty_string_returns_zero
FNDA:1,test_empty_string_returns_zero
FN:39,42,test_non_numeric_returns_zero
FNDA:1,test_non_numeric_returns_zero
FN:46,49,test_float_string_returns_zero
FNDA:1,test_float_string_returns_zero
FN:53,56,test_zero_timestamp
FNDA:1,test_zero_timestamp
FN:64,106,_make_db_cm
FNDA:1,_make_db_cm
FN:87,88,_make_db_cm.DualProtocolCM.__aenter__
FNDA:1,_make_db_cm.DualProtocolCM.__aenter__
FN:90,91,_make_db_cm.DualProtocolCM.__aexit__
FNDA:1,_make_db_cm.DualProtocolCM.__aexit__
FN:93,96,_make_db_cm.DualProtocolCM.__await__
FNDA:1,_make_db_cm.DualProtocolCM.__await__
FN:94,95,_make_db_cm.DualProtocolCM.__await__._resolve
FNDA:1,_make_db_cm.DualProtocolCM.__await__._resolve
FN:118,146,test_newer_mtime_triggers_publish
FNDA:1,test_newer_mtime_triggers_publish
FN:153,172,test_same_mtime_no_publish
FNDA:1,test_same_mtime_no_publish
FN:179,197,test_older_mtime_no_publish
FNDA:1,test_older_mtime_no_publish
FN:204,223,test_none_mtime_no_publish
FNDA:1,test_none_mtime_no_publish
FN:230,249,test_ssh_error_does_not_crash
FNDA:1,test_ssh_error_does_not_crash
FN:256,279,test_user_scope_does_not_use_sudo
FNDA:1,test_user_scope_does_not_use_sudo
FN:286,308,test_global_scope_uses_sudo
FNDA:1,test_global_scope_uses_sudo
FN:315,326,test_no_quadlets_in_db_is_noop
FNDA:1,test_no_quadlets_in_db_is_noop
FN:333,359,test_db_updated_with_new_mtime
FNDA:1,test_db_updated_with_new_mtime
FN:371,396,test_after_save_updates_mtime_no_false_positive
FNDA:1,test_after_save_updates_mtime_no_false_positive
FNF:21
FNH:21
end_of_record
SF:tests/test_template_seeding.py
DA:6,1
DA:7,1
DA:8,1
DA:9,1
DA:10,1
DA:12,1
DA:15,1
DA:16,1
DA:18,1
DA:19,1
DA:21,1
DA:22,1
DA:23,1
DA:24,1
DA:25,1
DA:27,1
DA:30,1
DA:31,1
DA:33,1
DA:34,1
DA:35,1
DA:36,1
DA:38,1
DA:39,1
DA:44,1
DA:45,1
DA:47,1
DA:48,1
DA:49,1
DA:52,1
DA:54,1
DA:55,1
DA:58,1
DA:59,1
DA:61,1
DA:62,1
DA:63,1
DA:66,1
DA:68,1
DA:69,1
DA:72,1
DA:73,1
DA:75,1
DA:76,1
DA:77,1
DA:80,1
DA:82,1
DA:83,1
DA:86,1
DA:87,1
DA:89,1
DA:90,1
DA:91,1
DA:94,1
DA:96,1
DA:97,1
DA:100,1
DA:101,1
DA:103,1
DA:104,1
DA:105,1
DA:106,1
DA:107,1
DA:109,1
DA:111,1
DA:112,1
DA:113,1
DA:114,1
DA:116,1
LF:69
LH:69
FN:16,27,fresh_db
FNDA:1,fresh_db
FN:31,41,test_all_four_template_types_are_seeded
FNDA:1,test_all_four_template_types_are_seeded
FN:45,55,test_volume_template_has_volume_section
FNDA:1,test_volume_template_has_volume_section
FN:59,69,test_network_template_has_network_section
FNDA:1,test_network_template_has_network_section
FN:73,83,test_pod_template_has_pod_section
FNDA:1,test_pod_template_has_pod_section
FN:87,97,test_container_template_still_present
FNDA:1,test_container_template_still_present
FN:101,116,test_seeding_is_idempotent
FNDA:1,test_seeding_is_idempotent
FNF:7
FNH:7
end_of_record
SF:tests/test_theme_customization.py
DA:10,1
DA:11,1
DA:12,1
DA:13,1
DA:14,1
DA:15,1
DA:17,1
DA:19,1
DA:20,1
DA:25,1
DA:26,1
DA:28,1
DA:29,1
DA:30,1
DA:31,1
DA:32,1
DA:33,1
DA:35,1
DA:40,1
DA:41,1
DA:43,1
DA:44,1
DA:46,1
DA:48,1
DA:49,1
DA:54,1
DA:55,1
DA:58,1
DA:59,1
DA:61,1
DA:62,1
DA:65,1
DA:68,1
DA:69,1
DA:71,1
DA:72,1
DA:73,1
DA:74,1
DA:75,1
DA:83,1
DA:84,1
DA:86,1
DA:91,1
DA:92,1
DA:94,1
DA:96,1
DA:98,1
DA:99,1
DA:103,1
DA:106,1
DA:107,1
DA:109,1
DA:111,1
DA:112,1
DA:114,1
DA:115,1
DA:119,1
DA:122,1
DA:123,1
DA:125,1
DA:127,1
DA:129,1
DA:130,1
DA:134,1
DA:135,1
DA:136,1
DA:137,1
DA:138,1
DA:143,1
DA:144,1
DA:146,1
DA:148,1
DA:149,1
DA:152,1
DA:153,1
DA:155,1
DA:157,1
DA:158,1
DA:161,1
DA:162,1
DA:164,1
DA:165,1
DA:167,1
DA:168,1
DA:170,1
LF:85
LH:85
FN:26,35,fresh_db
FNDA:1,fresh_db
FN:41,55,test_schema_init_creates_user_themes_table
FNDA:1,test_schema_init_creates_user_themes_table
FN:59,65,test_schema_init_creates_user_active_index
FNDA:1,test_schema_init_creates_user_active_index
FN:69,80,test_mode_preference_check_constraint
FNDA:1,test_mode_preference_check_constraint
FN:84,86,test_schema_idempotent_on_second_init
FNDA:1,test_schema_idempotent_on_second_init
FN:92,103,test_ensure_default_theme_seeds_once
FNDA:1,test_ensure_default_theme_seeds_once
FN:107,119,test_ensure_default_theme_is_idempotent
FNDA:1,test_ensure_default_theme_is_idempotent
FN:123,138,test_ensure_default_theme_is_active
FNDA:1,test_ensure_default_theme_is_active
FN:144,149,test_get_current_user_id_returns_correct_id
FNDA:1,test_get_current_user_id_returns_correct_id
FN:153,158,test_get_current_user_id_viewer
FNDA:1,test_get_current_user_id_viewer
FN:162,170,test_get_current_user_id_missing_user_raises_404
FNDA:1,test_get_current_user_id_missing_user_raises_404
FNF:11
FNH:11
end_of_record
